0 info it worked if it ends with ok
1 verbose cli [ 'C:\\Program Files\\nodejs\\node.exe',
1 verbose cli   'C:\\Program Files\\nodejs\\node_modules\\npm\\bin\\npm-cli.js',
1 verbose cli   'run',
1 verbose cli   'test' ]
2 info using npm@4.1.2
3 info using node@v7.7.1
4 verbose run-script [ 'pretest', 'test', 'posttest' ]
5 info lifecycle protractor-cucumber-phantom@0.1.0~pretest: protractor-cucumber-phantom@0.1.0
6 silly lifecycle protractor-cucumber-phantom@0.1.0~pretest: no script for pretest, continuing
7 info lifecycle protractor-cucumber-phantom@0.1.0~test: protractor-cucumber-phantom@0.1.0
8 verbose lifecycle protractor-cucumber-phantom@0.1.0~test: unsafe-perm in lifecycle true
9 verbose lifecycle protractor-cucumber-phantom@0.1.0~test: PATH: C:\Program Files\nodejs\node_modules\npm\bin\node-gyp-bin;C:\Users\nlre\Scotia Bank\cucumber\protractor-cucumber-tutorial\node_modules\.bin;C:\ProgramData\Oracle\Java\javapath;C:\Windows\system32;C:\Windows;C:\Windows\System32\Wbem;C:\Windows\System32\WindowsPowerShell\v1.0\;C:\Windows\CCM;C:\Program Files\nodejs\;C:\Program Files\Java\jdk1.8.0_121\bin;C:\Program Files\apache-maven-3.3.9\bin;C:\Program Files\Git\cmd;C:\Program Files\Cloud Foundry;C:\Users\nlre\AppData\Roaming\npm;C:\Users\nlre\AppData\Local\atom\bin
10 verbose lifecycle protractor-cucumber-phantom@0.1.0~test: CWD: C:\Users\nlre\Scotia Bank\cucumber\protractor-cucumber-tutorial
11 silly lifecycle protractor-cucumber-phantom@0.1.0~test: Args: [ '/d /s /c', 'protractor config.js' ]
12 silly lifecycle protractor-cucumber-phantom@0.1.0~test: Returned: code: 1  signal: null
13 info lifecycle protractor-cucumber-phantom@0.1.0~test: Failed to exec test script
14 verbose stack Error: protractor-cucumber-phantom@0.1.0 test: `protractor config.js`
14 verbose stack Exit status 1
14 verbose stack     at EventEmitter.<anonymous> (C:\Program Files\nodejs\node_modules\npm\lib\utils\lifecycle.js:279:16)
14 verbose stack     at emitTwo (events.js:106:13)
14 verbose stack     at EventEmitter.emit (events.js:194:7)
14 verbose stack     at ChildProcess.<anonymous> (C:\Program Files\nodejs\node_modules\npm\lib\utils\spawn.js:40:14)
14 verbose stack     at emitTwo (events.js:106:13)
14 verbose stack     at ChildProcess.emit (events.js:194:7)
14 verbose stack     at maybeClose (internal/child_process.js:899:16)
14 verbose stack     at Process.ChildProcess._handle.onexit (internal/child_process.js:226:5)
15 verbose pkgid protractor-cucumber-phantom@0.1.0
16 verbose cwd C:\Users\nlre\Scotia Bank\cucumber\protractor-cucumber-tutorial
17 error Windows_NT 6.3.9600
18 error argv "C:\\Program Files\\nodejs\\node.exe" "C:\\Program Files\\nodejs\\node_modules\\npm\\bin\\npm-cli.js" "run" "test"
19 error node v7.7.1
20 error npm  v4.1.2
21 error code ELIFECYCLE
22 error protractor-cucumber-phantom@0.1.0 test: `protractor config.js`
22 error Exit status 1
23 error Failed at the protractor-cucumber-phantom@0.1.0 test script 'protractor config.js'.
23 error Make sure you have the latest version of node.js and npm installed.
23 error If you do, this is most likely a problem with the protractor-cucumber-phantom package,
23 error not with npm itself.
23 error Tell the author that this fails on your system:
23 error     protractor config.js
23 error You can get information on how to open an issue for this project with:
23 error     npm bugs protractor-cucumber-phantom
23 error Or if that isn't available, you can get their info via:
23 error     npm owner ls protractor-cucumber-phantom
23 error There is likely additional logging output above.
24 verbose exit [ 1, true ]
